<?xml version="1.0" encoding="UTF-8"?>
<!-- Generated by org.testng.reporters.JUnitReportReporter -->
<testsuite hostname="shreesha" failures="0" tests="2" name="test.TestHomepage" time="180.877" errors="0" timestamp="2024-05-24T17:03:32 IST" skipped="0">
  <testcase classname="test.TestHomepage" name="clickonhompage" time="153.657"/>
  <testcase classname="test.TestHomepage" name="sepectrumimg" time="27.220"/>
</testsuite> <!-- test.TestHomepage -->
