<?xml version="1.0" encoding="UTF-8"?>
<!-- Generated by org.testng.reporters.JUnitReportReporter -->
<testsuite hostname="shreesha" failures="0" tests="1" name="pumo.E_commerce.AppTest" time="0.024" errors="0" timestamp="2024-05-24T17:03:33 IST" skipped="0">
  <testcase classname="pumo.E_commerce.AppTest" name="shouldAnswerWithTrue" time="0.024"/>
</testsuite> <!-- pumo.E_commerce.AppTest -->
