<?xml version="1.0" encoding="UTF-8"?>
<!-- Generated by org.testng.reporters.JUnitReportReporter -->
<testsuite hostname="shreesha" failures="0" tests="1" name="test.TestHomepage" time="27.353" errors="0" timestamp="2024-04-23T14:10:40 IST" skipped="0">
  <testcase classname="test.TestHomepage" name="clickonhompage" time="27.353"/>
</testsuite> <!-- test.TestHomepage -->
