<?xml version="1.0" encoding="UTF-8"?>
<!-- Generated by org.testng.reporters.JUnitReportReporter -->
<testsuite hostname="shreesha" failures="0" tests="1" name="test.TestLoginLogoutPage" time="47.152" errors="0" timestamp="2024-04-29T18:07:32 IST" skipped="0">
  <testcase classname="test.TestLoginLogoutPage" name="logout" time="47.152"/>
</testsuite> <!-- test.TestLoginLogoutPage -->
