<?xml version="1.0" encoding="UTF-8"?>
<!-- Generated by org.testng.reporters.JUnitReportReporter -->
<testsuite hostname="shreesha" failures="0" tests="1" name="test.TestRegisterPage" time="16.486" errors="0" timestamp="2024-04-14T18:30:11 IST" skipped="0">
  <testcase classname="test.TestRegisterPage" name="testRegisterPage" time="16.486"/>
</testsuite> <!-- test.TestRegisterPage -->
